<?xml version="1.0" encoding="UTF-8"?>
<!-- Generated by org.testng.reporters.JUnitReportReporter -->
<testsuite hostname="suresh06" failures="0" tests="2" name="com.venkat.day43.AllAnnotations" time="0.012" errors="0" timestamp="2024-09-17T19:33:10 IST" skipped="0">
  <testcase classname="com.venkat.day43.AllAnnotations" name="tm1" time="0.009"/>
  <testcase classname="com.venkat.day43.AllAnnotations" name="tm2" time="0.003"/>
</testsuite> <!-- com.venkat.day43.AllAnnotations -->
