<?xml version="1.0" encoding="UTF-8"?>
<!-- Generated by org.testng.reporters.JUnitReportReporter -->
<testsuite hostname="suresh06" failures="0" tests="1" name="com.venkat.day47.LoginTest" time="1.670" errors="0" timestamp="2024-09-20T11:11:55 IST" skipped="0">
  <testcase classname="com.venkat.day47.LoginTest" name="testLogin" time="1.670"/>
</testsuite> <!-- com.venkat.day47.LoginTest -->
