<?xml version="1.0" encoding="UTF-8"?>
<!-- Generated by org.testng.reporters.JUnitReportReporter -->
<testsuite hostname="suresh06" failures="0" tests="3" name="com.venkat.day44.SignUpTests" time="0.004" errors="0" timestamp="2024-09-18T12:35:09 IST" skipped="0">
  <testcase classname="com.venkat.day44.SignUpTests" name="signUpByEmail" time="0.001"/>
  <testcase classname="com.venkat.day44.SignUpTests" name="signUpByFacebook" time="0.001"/>
  <testcase classname="com.venkat.day44.SignUpTests" name="signUpByTwitter" time="0.002"/>
</testsuite> <!-- com.venkat.day44.SignUpTests -->
