<?xml version="1.0" encoding="UTF-8"?>
<!-- Generated by org.testng.reporters.JUnitReportReporter -->
<testsuite hostname="suresh06" failures="0" tests="2" name="com.venkat.day43.pack.Class3" time="0.004" errors="0" timestamp="2024-09-17T19:21:34 IST" skipped="0">
  <testcase classname="com.venkat.day43.pack.Class3" name="pqr" time="0.002"/>
  <testcase classname="com.venkat.day43.pack.Class3" name="pqr" time="0.002"/>
</testsuite> <!-- com.venkat.day43.pack.Class3 -->
