<?xml version="1.0" encoding="UTF-8"?>
<!-- Generated by org.testng.reporters.JUnitReportReporter -->
<testsuite hostname="suresh06" failures="0" tests="2" name="com.venkat.day43.pack.Class1" time="0.007" errors="0" timestamp="2024-09-17T19:21:34 IST" skipped="0">
  <testcase classname="com.venkat.day43.pack.Class1" name="abc" time="0.001"/>
  <testcase classname="com.venkat.day43.pack.Class1" name="abc" time="0.006"/>
</testsuite> <!-- com.venkat.day43.pack.Class1 -->
