<?xml version="1.0" encoding="UTF-8"?>
<!-- Generated by org.testng.reporters.JUnitReportReporter -->
<testsuite hostname="suresh06" failures="0" tests="9" name="com.venkat.day45.practice.ParallelTestingDemo" time="20.636" errors="0" timestamp="2024-09-18T21:51:59 IST" skipped="0">
  <testcase classname="com.venkat.day45.practice.ParallelTestingDemo" name="testLogo" time="12.010"/>
  <testcase classname="com.venkat.day45.practice.ParallelTestingDemo" name="testLogo" time="0.085"/>
  <testcase classname="com.venkat.day45.practice.ParallelTestingDemo" name="testLogo" time="8.334"/>
  <testcase classname="com.venkat.day45.practice.ParallelTestingDemo" name="testTitle" time="0.011"/>
  <testcase classname="com.venkat.day45.practice.ParallelTestingDemo" name="testTitle" time="0.138"/>
  <testcase classname="com.venkat.day45.practice.ParallelTestingDemo" name="testTitle" time="0.015"/>
  <testcase classname="com.venkat.day45.practice.ParallelTestingDemo" name="testURL" time="0.017"/>
  <testcase classname="com.venkat.day45.practice.ParallelTestingDemo" name="testURL" time="0.013"/>
  <testcase classname="com.venkat.day45.practice.ParallelTestingDemo" name="testURL" time="0.013"/>
</testsuite> <!-- com.venkat.day45.practice.ParallelTestingDemo -->
