<?xml version="1.0" encoding="UTF-8"?>
<!-- Generated by org.testng.reporters.JUnitReportReporter -->
<testsuite hostname="suresh06" failures="0" tests="1" name="com.venkat.day43.AssertionsDemo" time="0.013" errors="0" timestamp="2024-09-17T22:42:10 IST" skipped="0">
  <testcase classname="com.venkat.day43.AssertionsDemo" name="testTitle" time="0.013"/>
</testsuite> <!-- com.venkat.day43.AssertionsDemo -->
