<?xml version="1.0" encoding="UTF-8"?>
<!-- Generated by org.testng.reporters.JUnitReportReporter -->
<testsuite hostname="suresh06" failures="0" tests="9" name="com.venkat.day45.ParamTest" time="1.118" errors="0" timestamp="2024-09-18T18:58:08 IST" skipped="0">
  <testcase classname="com.venkat.day45.ParamTest" name="testLogo" time="0.130"/>
  <testcase classname="com.venkat.day45.ParamTest" name="testLogo" time="0.531"/>
  <testcase classname="com.venkat.day45.ParamTest" name="testLogo" time="0.419"/>
  <testcase classname="com.venkat.day45.ParamTest" name="testTitle" time="0.007"/>
  <testcase classname="com.venkat.day45.ParamTest" name="testTitle" time="0.007"/>
  <testcase classname="com.venkat.day45.ParamTest" name="testTitle" time="0.006"/>
  <testcase classname="com.venkat.day45.ParamTest" name="testURL" time="0.007"/>
  <testcase classname="com.venkat.day45.ParamTest" name="testURL" time="0.005"/>
  <testcase classname="com.venkat.day45.ParamTest" name="testURL" time="0.006"/>
</testsuite> <!-- com.venkat.day45.ParamTest -->
