<?xml version="1.0" encoding="UTF-8"?>
<!-- Generated by org.testng.reporters.JUnitReportReporter -->
<testsuite hostname="suresh06" failures="0" tests="3" name="com.venkat.day44.LoginTestes" time="0.009" errors="0" timestamp="2024-09-18T12:39:16 IST" skipped="0">
  <testcase classname="com.venkat.day44.LoginTestes" name="loginByEmail" time="0.007"/>
  <testcase classname="com.venkat.day44.LoginTestes" name="loginByFacebook" time="0.001"/>
  <testcase classname="com.venkat.day44.LoginTestes" name="loginByTwitter" time="0.001"/>
</testsuite> <!-- com.venkat.day44.LoginTestes -->
