<?xml version="1.0" encoding="UTF-8"?>
<!-- Generated by org.testng.reporters.JUnitReportReporter -->
<testsuite hostname="suresh06" failures="0" tests="2" name="com.venkat.day43.AnnotationsDemo1" time="0.015" errors="0" timestamp="2024-09-17T16:18:35 IST" skipped="0">
  <testcase classname="com.venkat.day43.AnnotationsDemo1" name="search" time="0.008"/>
  <testcase classname="com.venkat.day43.AnnotationsDemo1" name="advSearch" time="0.007"/>
</testsuite> <!-- com.venkat.day43.AnnotationsDemo1 -->
