<?xml version="1.0" encoding="UTF-8"?>
<!-- Generated by org.testng.reporters.JUnitReportReporter -->
<testsuite hostname="suresh06" failures="0" tests="2" name="com.venkat.day44.PaymentTests" time="0.009" errors="0" timestamp="2024-09-18T12:51:52 IST" skipped="0">
  <testcase classname="com.venkat.day44.PaymentTests" name="paymentInRupees" time="0.008"/>
  <testcase classname="com.venkat.day44.PaymentTests" name="paymentInDollers" time="0.001"/>
</testsuite> <!-- com.venkat.day44.PaymentTests -->
