<?xml version="1.0" encoding="UTF-8"?>
<!-- Generated by org.testng.reporters.JUnitReportReporter -->
<testsuite hostname="suresh06" failures="0" tests="1" name="com.venkat.day43.HardAssertions" time="0.018" errors="0" timestamp="2024-09-17T23:38:13 IST" skipped="0">
  <testcase classname="com.venkat.day43.HardAssertions" name="test" time="0.018"/>
</testsuite> <!-- com.venkat.day43.HardAssertions -->
