<?xml version="1.0" encoding="UTF-8"?>
<!-- Generated by org.testng.reporters.JUnitReportReporter -->
<testsuite hostname="suresh06" failures="0" tests="2" name="com.venkat.day43.AnnotationsDemo2" time="0.008" errors="0" timestamp="2024-09-17T16:33:07 IST" skipped="0">
  <testcase classname="com.venkat.day43.AnnotationsDemo2" name="search" time="0.007"/>
  <testcase classname="com.venkat.day43.AnnotationsDemo2" name="advSearch" time="0.001"/>
</testsuite> <!-- com.venkat.day43.AnnotationsDemo2 -->
