<?xml version="1.0" encoding="UTF-8"?>
<!-- Generated by org.testng.reporters.JUnitReportReporter -->
<testsuite hostname="suresh06" failures="0" tests="4" name="com.venkat.day42.OrangeHRMTest" time="13.358" errors="0" timestamp="2024-09-16T13:07:27 IST" skipped="0">
  <testcase classname="com.venkat.day42.OrangeHRMTest" name="openApp" time="9.550"/>
  <testcase classname="com.venkat.day42.OrangeHRMTest" name="testLogo" time="3.076"/>
  <testcase classname="com.venkat.day42.OrangeHRMTest" name="testLogin" time="0.410"/>
  <testcase classname="com.venkat.day42.OrangeHRMTest" name="testCloseApp" time="0.322"/>
</testsuite> <!-- com.venkat.day42.OrangeHRMTest -->
